# JRE version: Java(TM) SE Runtime Environment (24.0+36) (build 24+36-3646)
# Java VM: Java HotSpot(TM) 64-Bit Server VM (24+36-3646, mixed mode, sharing, tiered, compressed oops, compressed class ptrs, g1 gc, windows-amd64)
GC Precious Log:
 CardTable entry size: 512
 Card Set container configuration: InlinePtr #cards 4 size 8 Array Of Cards #cards 16 size 48 Howl #buckets 8 coarsen threshold 3686 Howl Bitmap #cards 512 size 80 coarsen threshold 460 Card regions per heap region 1 cards per card region 4096
 CPUs: 8 total, 8 available
 Memory: 15984M
 Large Page Support: Disabled
 NUMA Support: Disabled
 Compressed Oops: Enabled (Zero based)
 Heap Region Size: 2M
 Heap Min Capacity: 8M
 Heap Initial Capacity: 250M
 Heap Max Capacity: 3998M
 Pre-touch: Disabled
 Parallel Workers: 8
 Concurrent Workers: 2
 Concurrent Refinement Workers: 8
 Periodic GC: Disabled
Heap:
 garbage-first heap   total reserved 4093952K, committed 258048K, used 116113K [0x0000000706200000, 0x0000000800000000)
  region size 2048K, 58 young (118784K), 1 survivors (2048K)
 Metaspace       used 747K, committed 896K, reserved 1114112K
  class space    used 33K, committed 128K, reserved 1048576K
GC Heap History (10 events):
Event: 126.064 GC heap before
{Heap before GC invocations=0 (full 0):
 garbage-first heap   total reserved 4093952K, committed 258048K, used 50292K [0x0000000706200000, 0x0000000800000000)
  region size 2048K, 24 young (49152K), 0 survivors (0K)
 Metaspace       used 713K, committed 896K, reserved 1114112K
  class space    used 33K, committed 128K, reserved 1048576K
}
Event: 126.066 GC heap after
{Heap after GC invocations=1 (full 0):
 garbage-first heap   total reserved 4093952K, committed 258048K, used 1540K [0x0000000706200000, 0x0000000800000000)
  region size 2048K, 1 young (2048K), 1 survivors (2048K)
 Metaspace       used 713K, committed 896K, reserved 1114112K
  class space    used 33K, committed 128K, reserved 1048576K
}
Event: 373.053 GC heap before
{Heap before GC invocations=1 (full 0):
 garbage-first heap   total reserved 4093952K, committed 258048K, used 120324K [0x0000000706200000, 0x0000000800000000)
  region size 2048K, 59 young (120832K), 1 survivors (2048K)
 Metaspace       used 739K, committed 896K, reserved 1114112K
  class space    used 33K, committed 128K, reserved 1048576K
}
Event: 373.054 GC heap after
{Heap after GC invocations=2 (full 0):
 garbage-first heap   total reserved 4093952K, committed 258048K, used 1435K [0x0000000706200000, 0x0000000800000000)
  region size 2048K, 1 young (2048K), 1 survivors (2048K)
 Metaspace       used 739K, committed 896K, reserved 1114112K
  class space    used 33K, committed 128K, reserved 1048576K
}
Event: 667.034 GC heap before
{Heap before GC invocations=2 (full 0):
 garbage-first heap   total reserved 4093952K, committed 258048K, used 132507K [0x0000000706200000, 0x0000000800000000)
  region size 2048K, 65 young (133120K), 1 survivors (2048K)
 Metaspace       used 742K, committed 896K, reserved 1114112K
  class space    used 33K, committed 128K, reserved 1048576K
}
Event: 667.036 GC heap after
{Heap after GC invocations=3 (full 0):
 garbage-first heap   total reserved 4093952K, committed 258048K, used 1428K [0x0000000706200000, 0x0000000800000000)
  region size 2048K, 1 young (2048K), 1 survivors (2048K)
 Metaspace       used 742K, committed 896K, reserved 1114112K
  class space    used 33K, committed 128K, reserved 1048576K
}
Event: 950.087 GC heap before
{Heap before GC invocations=3 (full 0):
 garbage-first heap   total reserved 4093952K, committed 258048K, used 150932K [0x0000000706200000, 0x0000000800000000)
  region size 2048K, 74 young (151552K), 1 survivors (2048K)
 Metaspace       used 747K, committed 896K, reserved 1114112K
  class space    used 33K, committed 128K, reserved 1048576K
}
Event: 950.089 GC heap after
{Heap after GC invocations=4 (full 0):
 garbage-first heap   total reserved 4093952K, committed 258048K, used 1419K [0x0000000706200000, 0x0000000800000000)
  region size 2048K, 1 young (2048K), 1 survivors (2048K)
 Metaspace       used 747K, committed 896K, reserved 1114112K
  class space    used 33K, committed 128K, reserved 1048576K
}
Event: 1251.910 GC heap before
{Heap before GC invocations=4 (full 0):
 garbage-first heap   total reserved 4093952K, committed 258048K, used 152971K [0x0000000706200000, 0x0000000800000000)
  region size 2048K, 75 young (153600K), 1 survivors (2048K)
 Metaspace       used 747K, committed 896K, reserved 1114112K
  class space    used 33K, committed 128K, reserved 1048576K
}
Event: 1251.911 GC heap after
{Heap after GC invocations=5 (full 0):
 garbage-first heap   total reserved 4093952K, committed 258048K, used 1425K [0x0000000706200000, 0x0000000800000000)
  region size 2048K, 1 young (2048K), 1 survivors (2048K)
 Metaspace       used 747K, committed 896K, reserved 1114112K
  class space    used 33K, committed 128K, reserved 1048576K
}

